<?xml version="1.0" encoding="UTF-8"?>
<!-- Generated by org.testng.reporters.JUnitXMLReporter -->
<testsuite ignored="0" hostname="DESKTOP-BHKATMB" failures="0" tests="3" name="Test" time="90.93" errors="0" timestamp="2022-12-24T16:11:03 IST">
  <testcase classname="com.edusoln.runner.TestNGRunner" name="testcase" time="8.032"/>
  <testcase classname="com.edusoln.runner.TestNGRunner" name="testcase" time="24.191"/>
  <testcase classname="com.edusoln.runner.TestNGRunner" name="testcase" time="0.004">
    <skipped/>
  </testcase> <!-- testcase -->
</testsuite> <!-- Test -->
