<?xml version="1.0" encoding="UTF-8"?>
<testsuite xmlns:xsi="http://www.w3.org/2001/XMLSchema-instance" xsi:noNamespaceSchemaLocation="https://maven.apache.org/surefire/maven-surefire-plugin/xsd/surefire-test-report-3.0.xsd" version="3.0" name="TestSuite" time="95.038" tests="3" errors="0" skipped="1" failures="0">
  <properties>
[...]
</properties>
  <testcase name="testcase[{User id=Admin, Execute=Yes, TestCaseObjective=Verify Login works fine, AddEmployee=No, FirstName=No, LastName=No, MiddleName=No, EmpiID=No, Test case no=1, Password=admin123}](1)" classname="com.edusoln.runner.TestNGRunner" time="8.047">
    <system-out><![CDATA[24-12-2022 04_09
[INFO ] 2022-12-24 16:09:32.757 [main] TestNGRunner - Execution has started
1
Verify Login works fine
Yes
Admin
admin123
No
No
No
No
No
2
Verify Add employee works fine
Yes
Admin
admin123
Yes
Sachin
Ramesh
Tendulkar
100
3
Verify Add employee works fine
No
Admin
admin123
Yes
Sourav
test
Ganguly
77
[DEBUG] 2022-12-24 16:09:54.912 [main] TestNGRunner - chrome has been launched 
========On Test Start============
[INFO ] 2022-12-24 16:09:54.919 [main] TestNGRunner - test has started
[INFO ] 2022-12-24 16:10:02.767 [main] LoginPage - Login is sucessfull
[WARN ] 2022-12-24 16:10:02.944 [main] TestNGRunner - soft assertion is getting called , pls check failure if any
========On Test Success============
]]></system-out>
    <system-err><![CDATA[SLF4J: Failed to load class "org.slf4j.impl.StaticLoggerBinder".
SLF4J: Defaulting to no-operation (NOP) logger implementation
SLF4J: See http://www.slf4j.org/codes.html#StaticLoggerBinder for further details.
Starting ChromeDriver 108.0.5359.71 (1e0e3868ee06e91ad636a874420e3ca3ae3756ac-refs/branch-heads/5359@{#1016}) on port 51799
Only local connections are allowed.
Please see https://chromedriver.chromium.org/security-considerations for suggestions on keeping ChromeDriver safe.
ChromeDriver was started successfully.
Dec 24, 2022 4:09:39 PM org.openqa.selenium.remote.ProtocolHandshake createSession
INFO: Detected upstream dialect: W3C
Dec 24, 2022 4:09:40 PM org.openqa.selenium.devtools.CdpVersionFinder findNearestMatch
WARNING: Unable to find an exact match for CDP version 108, so returning the closest version found: 104
Dec 24, 2022 4:09:40 PM org.openqa.selenium.devtools.CdpVersionFinder findNearestMatch
INFO: Found CDP implementation for version 108 of 104
]]></system-err>
  </testcase>
  <testcase name="testcase[{User id=Admin, Execute=Yes, TestCaseObjective=Verify Add employee works fine, AddEmployee=Yes, FirstName=Sachin, LastName=Tendulkar, MiddleName=Ramesh, EmpiID=100, Test case no=2, Password=admin123}](2)" classname="com.edusoln.runner.TestNGRunner" time="24.19">
    <system-out><![CDATA[[DEBUG] 2022-12-24 16:10:22.456 [main] TestNGRunner - chrome has been launched 
========On Test Start============
[INFO ] 2022-12-24 16:10:22.456 [main] TestNGRunner - test has started
[INFO ] 2022-12-24 16:10:27.937 [main] LoginPage - Login is sucessfull
24-12-2022 04
ran after soft assertion
[WARN ] 2022-12-24 16:10:46.647 [main] TestNGRunner - soft assertion is getting called , pls check failure if any
========On Test Success============
]]></system-out>
    <system-err><![CDATA[Starting ChromeDriver 108.0.5359.71 (1e0e3868ee06e91ad636a874420e3ca3ae3756ac-refs/branch-heads/5359@{#1016}) on port 54169
Only local connections are allowed.
Please see https://chromedriver.chromium.org/security-considerations for suggestions on keeping ChromeDriver safe.
ChromeDriver was started successfully.
Dec 24, 2022 4:10:06 PM org.openqa.selenium.remote.ProtocolHandshake createSession
INFO: Detected upstream dialect: W3C
Dec 24, 2022 4:10:06 PM org.openqa.selenium.devtools.CdpVersionFinder findNearestMatch
WARNING: Unable to find an exact match for CDP version 108, so returning the closest version found: 104
Dec 24, 2022 4:10:06 PM org.openqa.selenium.devtools.CdpVersionFinder findNearestMatch
INFO: Found CDP implementation for version 108 of 104
]]></system-err>
  </testcase>
  <testcase name="testcase[{User id=Admin, Execute=No, TestCaseObjective=Verify Add employee works fine, AddEmployee=Yes, FirstName=Sourav, LastName=Ganguly, MiddleName=test, EmpiID=77, Test case no=3, Password=admin123}](3)" classname="com.edusoln.runner.TestNGRunner" time="0">
    <skipped message="Test case is not run "/>
    <system-out><![CDATA[[DEBUG] 2022-12-24 16:11:01.281 [main] TestNGRunner - chrome has been launched 
========On Test Start============
[INFO ] 2022-12-24 16:11:01.284 [main] TestNGRunner - test has started
[ERROR] 2022-12-24 16:11:01.285 [main] TestNGRunner - test has been skipped
========On Test Skipped============
]]></system-out>
    <system-err><![CDATA[Starting ChromeDriver 108.0.5359.71 (1e0e3868ee06e91ad636a874420e3ca3ae3756ac-refs/branch-heads/5359@{#1016}) on port 63587
Only local connections are allowed.
Please see https://chromedriver.chromium.org/security-considerations for suggestions on keeping ChromeDriver safe.
ChromeDriver was started successfully.
Dec 24, 2022 4:10:49 PM org.openqa.selenium.remote.ProtocolHandshake createSession
INFO: Detected upstream dialect: W3C
Dec 24, 2022 4:10:49 PM org.openqa.selenium.devtools.CdpVersionFinder findNearestMatch
WARNING: Unable to find an exact match for CDP version 108, so returning the closest version found: 104
Dec 24, 2022 4:10:49 PM org.openqa.selenium.devtools.CdpVersionFinder findNearestMatch
INFO: Found CDP implementation for version 108 of 104
]]></system-err>
  </testcase>
</testsuite>